<?xml version="1.0" encoding="UTF-8"?>
<testng-results ignored="0" total="1" passed="1" failed="0" skipped="0">
  <reporter-output>
  </reporter-output>
  <suite started-at="2020-01-01T22:30:02 CST" name="Default suite" finished-at="2020-01-01T22:30:15 CST" duration-ms="13406">
    <groups>
    </groups>
    <test started-at="2020-01-01T22:30:02 CST" name="Default test" finished-at="2020-01-01T22:30:15 CST" duration-ms="13406">
      <class name="keppelPackage.AutoSuggestiveExample">
        <test-method is-config="true" signature="BeforeTest()[pri:0, instance:keppelPackage.AutoSuggestiveExample@2e377400]" started-at="2020-01-01T22:30:02 CST" name="BeforeTest" finished-at="2020-01-01T22:30:14 CST" duration-ms="12796" status="PASS">
          <reporter-output>
          </reporter-output>
        </test-method> <!-- BeforeTest -->
        <test-method signature="Test1()[pri:0, instance:keppelPackage.AutoSuggestiveExample@2e377400]" started-at="2020-01-01T22:30:14 CST" name="Test1" finished-at="2020-01-01T22:30:15 CST" duration-ms="566" status="PASS">
          <reporter-output>
          </reporter-output>
        </test-method> <!-- Test1 -->
      </class> <!-- keppelPackage.AutoSuggestiveExample -->
    </test> <!-- Default test -->
  </suite> <!-- Default suite -->
</testng-results>
